<?xml version="1.0" encoding="UTF-8"?>
<!-- Generated by org.testng.reporters.JUnitReportReporter -->
<testsuite hostname="PC-103-WS" name="ErrorLogInTest" tests="6" failures="0" timestamp="31 Mar 2016 09:01:20 GMT" time="40.263" errors="0">
  <testcase name="logErrorTel" time="6.521" classname="ErrorLogInTest"/>
  <testcase name="logNullTel" time="6.552" classname="ErrorLogInTest"/>
  <testcase name="logShotTel" time="6.520" classname="ErrorLogInTest"/>
  <testcase name="logErrorPass" time="7.113" classname="ErrorLogInTest"/>
  <testcase name="logNullPass" time="6.541" classname="ErrorLogInTest"/>
  <testcase name="logShotPass" time="7.016" classname="ErrorLogInTest"/>
</testsuite> <!-- ErrorLogInTest -->
