<?xml version="1.0" encoding="UTF-8"?>
<!-- Generated by org.testng.reporters.JUnitReportReporter -->
<testsuite hostname="PC-103-WS" name="ErrorRegistrationTest" tests="4" failures="0" timestamp="31 Mar 2016 09:01:20 GMT" time="16.127" errors="0">
  <testcase name="ErrorLengthMinField" time="2.874" classname="ErrorRegistrationTest"/>
  <testcase name="NullField" time="2.045" classname="ErrorRegistrationTest"/>
  <testcase name="ErrorLengthMaxField" time="2.991" classname="ErrorRegistrationTest"/>
  <testcase name="ErrorInvalidField" time="8.217" classname="ErrorRegistrationTest"/>
</testsuite> <!-- ErrorRegistrationTest -->
