<?xml version="1.0" encoding="UTF-8"?>
<!-- Generated by org.testng.reporters.JUnitReportReporter -->
<testsuite hostname="PC-103-WS" name="ErrorRegistrationTest" tests="7" failures="0" timestamp="11 Apr 2016 05:16:58 GMT" time="28.385" errors="0">
  <testcase name="ErrorInvalidField" time="3.520" classname="ErrorRegistrationTest"/>
  <testcase name="ErrorInvalidField" time="3.667" classname="ErrorRegistrationTest"/>
  <testcase name="ErrorInvalidField" time="3.372" classname="ErrorRegistrationTest"/>
  <testcase name="ErrorInvalidField" time="3.367" classname="ErrorRegistrationTest"/>
  <testcase name="ErrorInvalidField" time="7.457" classname="ErrorRegistrationTest"/>
  <testcase name="ErrorInvalidField" time="3.444" classname="ErrorRegistrationTest"/>
  <testcase name="ErrorInvalidField" time="3.558" classname="ErrorRegistrationTest"/>
</testsuite> <!-- ErrorRegistrationTest -->
