<?xml version="1.0" encoding="UTF-8"?>
<!-- Generated by org.testng.reporters.JUnitReportReporter -->
<testsuite hostname="PC-103-WS" name="ErrorLogInTest" tests="6" failures="0" timestamp="11 Apr 2016 05:43:49 GMT" time="41.450" errors="0">
  <testcase name="logErrorTel" time="10.012" classname="ErrorLogInTest"/>
  <testcase name="logErrorTel" time="6.298" classname="ErrorLogInTest"/>
  <testcase name="logErrorTel" time="6.074" classname="ErrorLogInTest"/>
  <testcase name="logErrorTel" time="6.879" classname="ErrorLogInTest"/>
  <testcase name="logErrorTel" time="6.073" classname="ErrorLogInTest"/>
  <testcase name="logErrorTel" time="6.114" classname="ErrorLogInTest"/>
</testsuite> <!-- ErrorLogInTest -->
