<?xml version="1.0" encoding="UTF-8"?>
<!-- Generated by org.testng.reporters.JUnitReportReporter -->
<testsuite hostname="PC-103-WS" name="LogInTest" tests="2" failures="0" timestamp="11 Apr 2016 09:18:48 GMT" time="33.992" errors="0">
  <testcase name="logInLogOut" time="8.344" classname="LogInTest"/>
  <testcase name="logInLogOut" time="25.648" classname="LogInTest"/>
</testsuite> <!-- LogInTest -->
