<?xml version="1.0" encoding="UTF-8"?>
<!-- Generated by org.testng.reporters.JUnitReportReporter -->
<testsuite hostname="PC-103-WS" name="RestorePassTest" tests="1" failures="0" timestamp="31 Mar 2016 09:01:20 GMT" time="17.458" errors="0">
  <testcase name="logInLogOut" time="17.458" classname="RestorePassTest"/>
</testsuite> <!-- RestorePassTest -->
