<?xml version="1.0" encoding="UTF-8"?>
<!-- Generated by org.testng.reporters.JUnitReportReporter -->
<testsuite hostname="PC-103-WS" name="ErrorLogInTest" tests="6" failures="0" timestamp="1 Apr 2016 04:57:57 GMT" time="39.955" errors="0">
  <testcase name="logShotTel" time="6.502" classname="ErrorLogInTest"/>
  <testcase name="logErrorTel" time="6.473" classname="ErrorLogInTest"/>
  <testcase name="logShotPass" time="6.963" classname="ErrorLogInTest"/>
  <testcase name="logErrorPass" time="6.975" classname="ErrorLogInTest"/>
  <testcase name="logNullTel" time="6.502" classname="ErrorLogInTest"/>
  <testcase name="logNullPass" time="6.540" classname="ErrorLogInTest"/>
</testsuite> <!-- ErrorLogInTest -->
