<?xml version="1.0" encoding="UTF-8"?>
<!-- Generated by org.testng.reporters.JUnitReportReporter -->
<testsuite hostname="PC-103-WS" name="RegistrationTest" tests="1" failures="0" timestamp="1 Apr 2016 04:57:57 GMT" time="19.057" errors="0">
  <testcase name="logInLogOut" time="19.057" classname="RegistrationTest"/>
</testsuite> <!-- RegistrationTest -->
