<?xml version="1.0" encoding="UTF-8"?>
<!-- Generated by org.testng.reporters.JUnitReportReporter -->
<testsuite hostname="PC-103-WS" name="WebinarTest" tests="2" failures="0" timestamp="11 Apr 2016 09:18:48 GMT" time="13.406" errors="0">
  <testcase name="logIn" time="10.232" classname="WebinarTest"/>
  <testcase name="viewWebinarLogUser" time="3.174" classname="WebinarTest"/>
</testsuite> <!-- WebinarTest -->
