<?xml version="1.0" encoding="UTF-8"?>
<!-- Generated by org.testng.reporters.JUnitReportReporter -->
<testsuite hostname="PC-103-WS" name="Landing" tests="1" failures="0" timestamp="31 Mar 2016 12:18:53 GMT" time="13.817" errors="0">
  <testcase name="logInLogOut" time="13.817" classname="Landing"/>
</testsuite> <!-- Landing -->
