<?xml version="1.0" encoding="UTF-8"?>
<!-- Generated by org.testng.reporters.JUnitReportReporter -->
<testsuite hostname="PC-103-WS" name="ErrorRegistrationTest" tests="4" failures="0" timestamp="1 Apr 2016 05:02:23 GMT" time="17.883" errors="0">
  <testcase name="ErrorLengthMinField" time="2.924" classname="ErrorRegistrationTest"/>
  <testcase name="NullField" time="2.041" classname="ErrorRegistrationTest"/>
  <testcase name="ErrorLengthMaxField" time="2.859" classname="ErrorRegistrationTest"/>
  <testcase name="ErrorInvalidField" time="10.059" classname="ErrorRegistrationTest"/>
</testsuite> <!-- ErrorRegistrationTest -->
