<?xml version="1.0" encoding="UTF-8"?>
<!-- Generated by org.testng.reporters.JUnitReportReporter -->
<testsuite hostname="PC-103-WS" name="ErrorLogInTest" tests="6" failures="0" timestamp="11 Apr 2016 09:18:48 GMT" time="36.329" errors="0">
  <testcase name="logErrorTel" time="5.859" classname="ErrorLogInTest"/>
  <testcase name="logErrorTel" time="5.732" classname="ErrorLogInTest"/>
  <testcase name="logErrorTel" time="5.943" classname="ErrorLogInTest"/>
  <testcase name="logErrorTel" time="7.235" classname="ErrorLogInTest"/>
  <testcase name="logErrorTel" time="5.797" classname="ErrorLogInTest"/>
  <testcase name="logErrorTel" time="5.763" classname="ErrorLogInTest"/>
</testsuite> <!-- ErrorLogInTest -->
