<?xml version="1.0" encoding="UTF-8"?>
<!-- Generated by org.testng.reporters.JUnitReportReporter -->
<testsuite hostname="PC-103-WS" name="ErrorLandingTest" tests="4" failures="0" timestamp="1 Apr 2016 04:57:57 GMT" time="13.221" errors="0">
  <testcase name="ErrorLengthMaxField" time="1.769" classname="ErrorLandingTest"/>
  <testcase name="NullField" time="1.494" classname="ErrorLandingTest"/>
  <testcase name="ErrorLengthMinField" time="2.476" classname="ErrorLandingTest"/>
  <testcase name="ErrorInvalidField" time="7.482" classname="ErrorLandingTest"/>
</testsuite> <!-- ErrorLandingTest -->
