<?xml version="1.0" encoding="UTF-8"?>
<!-- Generated by org.testng.reporters.JUnitReportReporter -->
<testsuite hostname="PC-103-WS" name="RestorePassTest" tests="1" failures="0" timestamp="1 Apr 2016 05:01:33 GMT" time="19.494" errors="0">
  <testcase name="logInLogOut" time="19.494" classname="RestorePassTest"/>
</testsuite> <!-- RestorePassTest -->
